# JRE version: OpenJDK Runtime Environment (21.0.5) (build 21.0.5+-13047016-b750.29)
# Java VM: OpenJDK 64-Bit Server VM (21.0.5+-13047016-b750.29, mixed mode, tiered, compressed oops, compressed class ptrs, g1 gc, windows-amd64)
GC Precious Log:
 CardTable entry size: 512
 Card Set container configuration: InlinePtr #cards 5 size 8 Array Of Cards #cards 12 size 40 Howl #buckets 4 coarsen threshold 1843 Howl Bitmap #cards 512 size 80 coarsen threshold 460 Card regions per heap region 1 cards per card region 2048
 CPUs: 4 total, 4 available
 Memory: 3435M
 Large Page Support: Disabled
 NUMA Support: Disabled
 Compressed Oops: Enabled (32-bit)
 Heap Region Size: 1M
 Heap Min Capacity: 8M
 Heap Initial Capacity: 54M
 Heap Max Capacity: 2G
 Pre-touch: Disabled
 Parallel Workers: 4
 Concurrent Workers: 1
 Concurrent Refinement Workers: 4
 Periodic GC: Disabled
Heap:
 garbage-first heap   total 181248K, used 179814K [0x0000000080000000, 0x0000000100000000)
  region size 1024K, 56 young (57344K), 0 survivors (0K)
 Metaspace       used 99745K, committed 101952K, reserved 1179648K
  class space    used 13624K, committed 14720K, reserved 1048576K
GC Heap History (20 events):
Event: 66.778 GC heap after
{Heap after GC invocations=33 (full 0):
 garbage-first heap   total 133120K, used 80884K [0x0000000080000000, 0x0000000100000000)
  region size 1024K, 2 young (2048K), 2 survivors (2048K)
 Metaspace       used 72987K, committed 74816K, reserved 1114112K
  class space    used 9908K, committed 10816K, reserved 1048576K
}
Event: 75.117 GC heap before
{Heap before GC invocations=33 (full 0):
 garbage-first heap   total 133120K, used 121844K [0x0000000080000000, 0x0000000100000000)
  region size 1024K, 43 young (44032K), 2 survivors (2048K)
 Metaspace       used 73022K, committed 74880K, reserved 1114112K
  class space    used 9908K, committed 10816K, reserved 1048576K
}
Event: 75.146 GC heap after
{Heap after GC invocations=34 (full 0):
 garbage-first heap   total 133120K, used 82130K [0x0000000080000000, 0x0000000100000000)
  region size 1024K, 3 young (3072K), 3 survivors (3072K)
 Metaspace       used 73022K, committed 74880K, reserved 1114112K
  class space    used 9908K, committed 10816K, reserved 1048576K
}
Event: 80.250 GC heap before
{Heap before GC invocations=34 (full 0):
 garbage-first heap   total 133120K, used 96466K [0x0000000080000000, 0x0000000100000000)
  region size 1024K, 18 young (18432K), 3 survivors (3072K)
 Metaspace       used 73194K, committed 75072K, reserved 1114112K
  class space    used 9927K, committed 10880K, reserved 1048576K
}
Event: 80.278 GC heap after
{Heap after GC invocations=35 (full 0):
 garbage-first heap   total 133120K, used 83074K [0x0000000080000000, 0x0000000100000000)
  region size 1024K, 4 young (4096K), 4 survivors (4096K)
 Metaspace       used 73194K, committed 75072K, reserved 1114112K
  class space    used 9927K, committed 10880K, reserved 1048576K
}
Event: 93.093 GC heap before
{Heap before GC invocations=36 (full 0):
 garbage-first heap   total 145408K, used 126082K [0x0000000080000000, 0x0000000100000000)
  region size 1024K, 40 young (40960K), 4 survivors (4096K)
 Metaspace       used 75447K, committed 77312K, reserved 1179648K
  class space    used 10202K, committed 11136K, reserved 1048576K
}
Event: 93.194 GC heap after
{Heap after GC invocations=37 (full 0):
 garbage-first heap   total 145408K, used 94665K [0x0000000080000000, 0x0000000100000000)
  region size 1024K, 5 young (5120K), 5 survivors (5120K)
 Metaspace       used 75447K, committed 77312K, reserved 1179648K
  class space    used 10202K, committed 11136K, reserved 1048576K
}
Event: 97.212 GC heap before
{Heap before GC invocations=37 (full 0):
 garbage-first heap   total 145408K, used 130505K [0x0000000080000000, 0x0000000100000000)
  region size 1024K, 41 young (41984K), 5 survivors (5120K)
 Metaspace       used 79165K, committed 81088K, reserved 1179648K
  class space    used 10611K, committed 11584K, reserved 1048576K
}
Event: 97.295 GC heap after
{Heap after GC invocations=38 (full 0):
 garbage-first heap   total 145408K, used 95363K [0x0000000080000000, 0x0000000100000000)
  region size 1024K, 2 young (2048K), 2 survivors (2048K)
 Metaspace       used 79165K, committed 81088K, reserved 1179648K
  class space    used 10611K, committed 11584K, reserved 1048576K
}
Event: 99.852 GC heap before
{Heap before GC invocations=38 (full 0):
 garbage-first heap   total 145408K, used 121987K [0x0000000080000000, 0x0000000100000000)
  region size 1024K, 30 young (30720K), 2 survivors (2048K)
 Metaspace       used 82688K, committed 84736K, reserved 1179648K
  class space    used 11122K, committed 12160K, reserved 1048576K
}
Event: 99.877 GC heap after
{Heap after GC invocations=39 (full 0):
 garbage-first heap   total 145408K, used 97643K [0x0000000080000000, 0x0000000100000000)
  region size 1024K, 4 young (4096K), 4 survivors (4096K)
 Metaspace       used 82688K, committed 84736K, reserved 1179648K
  class space    used 11122K, committed 12160K, reserved 1048576K
}
Event: 103.533 GC heap before
{Heap before GC invocations=40 (full 0):
 garbage-first heap   total 171008K, used 136555K [0x0000000080000000, 0x0000000100000000)
  region size 1024K, 37 young (37888K), 4 survivors (4096K)
 Metaspace       used 84357K, committed 86400K, reserved 1179648K
  class space    used 11363K, committed 12416K, reserved 1048576K
}
Event: 103.578 GC heap after
{Heap after GC invocations=41 (full 0):
 garbage-first heap   total 171008K, used 101728K [0x0000000080000000, 0x0000000100000000)
  region size 1024K, 5 young (5120K), 5 survivors (5120K)
 Metaspace       used 84357K, committed 86400K, reserved 1179648K
  class space    used 11363K, committed 12416K, reserved 1048576K
}
Event: 109.372 GC heap before
{Heap before GC invocations=41 (full 0):
 garbage-first heap   total 171008K, used 147808K [0x0000000080000000, 0x0000000100000000)
  region size 1024K, 50 young (51200K), 5 survivors (5120K)
 Metaspace       used 87725K, committed 89728K, reserved 1179648K
  class space    used 11785K, committed 12800K, reserved 1048576K
}
Event: 109.402 GC heap after
{Heap after GC invocations=42 (full 0):
 garbage-first heap   total 171008K, used 105174K [0x0000000080000000, 0x0000000100000000)
  region size 1024K, 7 young (7168K), 7 survivors (7168K)
 Metaspace       used 87725K, committed 89728K, reserved 1179648K
  class space    used 11785K, committed 12800K, reserved 1048576K
}
Event: 112.284 GC heap before
{Heap before GC invocations=42 (full 0):
 garbage-first heap   total 171008K, used 143062K [0x0000000080000000, 0x0000000100000000)
  region size 1024K, 45 young (46080K), 7 survivors (7168K)
 Metaspace       used 90363K, committed 92480K, reserved 1179648K
  class space    used 12138K, committed 13184K, reserved 1048576K
}
Event: 112.312 GC heap after
{Heap after GC invocations=43 (full 0):
 garbage-first heap   total 171008K, used 106553K [0x0000000080000000, 0x0000000100000000)
  region size 1024K, 5 young (5120K), 5 survivors (5120K)
 Metaspace       used 90363K, committed 92480K, reserved 1179648K
  class space    used 12138K, committed 13184K, reserved 1048576K
}
Event: 117.320 GC heap before
{Heap before GC invocations=44 (full 0):
 garbage-first heap   total 181248K, used 155705K [0x0000000080000000, 0x0000000100000000)
  region size 1024K, 52 young (53248K), 5 survivors (5120K)
 Metaspace       used 94099K, committed 96128K, reserved 1179648K
  class space    used 12796K, committed 13824K, reserved 1048576K
}
Event: 117.339 GC heap after
{Heap after GC invocations=45 (full 0):
 garbage-first heap   total 181248K, used 108134K [0x0000000080000000, 0x0000000100000000)
  region size 1024K, 4 young (4096K), 4 survivors (4096K)
 Metaspace       used 94099K, committed 96128K, reserved 1179648K
  class space    used 12796K, committed 13824K, reserved 1048576K
}
Event: 122.938 GC heap before
{Heap before GC invocations=45 (full 0):
 garbage-first heap   total 181248K, used 178790K [0x0000000080000000, 0x0000000100000000)
  region size 1024K, 60 young (61440K), 4 survivors (4096K)
 Metaspace       used 99745K, committed 101952K, reserved 1179648K
  class space    used 13624K, committed 14720K, reserved 1048576K
}

