# JRE version: OpenJDK Runtime Environment (21.0.5) (build 21.0.5+-13047016-b750.29)
# Java VM: OpenJDK 64-Bit Server VM (21.0.5+-13047016-b750.29, mixed mode, tiered, compressed oops, compressed class ptrs, g1 gc, windows-amd64)
GC Precious Log:
 CardTable entry size: 512
 Card Set container configuration: InlinePtr #cards 5 size 8 Array Of Cards #cards 12 size 40 Howl #buckets 4 coarsen threshold 1843 Howl Bitmap #cards 512 size 80 coarsen threshold 460 Card regions per heap region 1 cards per card region 2048
 CPUs: 4 total, 4 available
 Memory: 3435M
 Large Page Support: Disabled
 NUMA Support: Disabled
 Compressed Oops: Enabled (32-bit)
 Heap Region Size: 1M
 Heap Min Capacity: 8M
 Heap Initial Capacity: 54M
 Heap Max Capacity: 2G
 Pre-touch: Disabled
 Parallel Workers: 4
 Concurrent Workers: 1
 Concurrent Refinement Workers: 4
 Periodic GC: Disabled
Heap:
 garbage-first heap   total 55296K, used 33760K [0x0000000080000000, 0x0000000100000000)
  region size 1024K, 15 young (15360K), 2 survivors (2048K)
 Metaspace       used 24059K, committed 24448K, reserved 1114112K
  class space    used 2846K, committed 3072K, reserved 1048576K
GC Heap History (12 events):
Event: 2.076 GC heap before
{Heap before GC invocations=0 (full 0):
 garbage-first heap   total 55296K, used 13312K [0x0000000080000000, 0x0000000100000000)
  region size 1024K, 13 young (13312K), 0 survivors (0K)
 Metaspace       used 7382K, committed 7488K, reserved 1114112K
  class space    used 665K, committed 704K, reserved 1048576K
}
Event: 2.088 GC heap after
{Heap after GC invocations=1 (full 0):
 garbage-first heap   total 55296K, used 1216K [0x0000000080000000, 0x0000000100000000)
  region size 1024K, 2 young (2048K), 2 survivors (2048K)
 Metaspace       used 7382K, committed 7488K, reserved 1114112K
  class space    used 665K, committed 704K, reserved 1048576K
}
Event: 8.915 GC heap before
{Heap before GC invocations=1 (full 0):
 garbage-first heap   total 55296K, used 28864K [0x0000000080000000, 0x0000000100000000)
  region size 1024K, 26 young (26624K), 2 survivors (2048K)
 Metaspace       used 11280K, committed 11520K, reserved 1114112K
  class space    used 1171K, committed 1280K, reserved 1048576K
}
Event: 8.941 GC heap after
{Heap after GC invocations=2 (full 0):
 garbage-first heap   total 55296K, used 11554K [0x0000000080000000, 0x0000000100000000)
  region size 1024K, 4 young (4096K), 4 survivors (4096K)
 Metaspace       used 11280K, committed 11520K, reserved 1114112K
  class space    used 1171K, committed 1280K, reserved 1048576K
}
Event: 11.035 GC heap before
{Heap before GC invocations=2 (full 0):
 garbage-first heap   total 55296K, used 37154K [0x0000000080000000, 0x0000000100000000)
  region size 1024K, 29 young (29696K), 4 survivors (4096K)
 Metaspace       used 12229K, committed 12480K, reserved 1114112K
  class space    used 1278K, committed 1408K, reserved 1048576K
}
Event: 11.054 GC heap after
{Heap after GC invocations=3 (full 0):
 garbage-first heap   total 55296K, used 12168K [0x0000000080000000, 0x0000000100000000)
  region size 1024K, 1 young (1024K), 1 survivors (1024K)
 Metaspace       used 12229K, committed 12480K, reserved 1114112K
  class space    used 1278K, committed 1408K, reserved 1048576K
}
Event: 16.270 GC heap before
{Heap before GC invocations=3 (full 0):
 garbage-first heap   total 55296K, used 40840K [0x0000000080000000, 0x0000000100000000)
  region size 1024K, 27 young (27648K), 1 survivors (1024K)
 Metaspace       used 12283K, committed 12544K, reserved 1114112K
  class space    used 1279K, committed 1408K, reserved 1048576K
}
Event: 16.280 GC heap after
{Heap after GC invocations=4 (full 0):
 garbage-first heap   total 55296K, used 16920K [0x0000000080000000, 0x0000000100000000)
  region size 1024K, 4 young (4096K), 4 survivors (4096K)
 Metaspace       used 12283K, committed 12544K, reserved 1114112K
  class space    used 1279K, committed 1408K, reserved 1048576K
}
Event: 21.091 GC heap before
{Heap before GC invocations=4 (full 0):
 garbage-first heap   total 55296K, used 40472K [0x0000000080000000, 0x0000000100000000)
  region size 1024K, 27 young (27648K), 4 survivors (4096K)
 Metaspace       used 19082K, committed 19456K, reserved 1114112K
  class space    used 2135K, committed 2304K, reserved 1048576K
}
Event: 21.107 GC heap after
{Heap after GC invocations=5 (full 0):
 garbage-first heap   total 55296K, used 20415K [0x0000000080000000, 0x0000000100000000)
  region size 1024K, 4 young (4096K), 4 survivors (4096K)
 Metaspace       used 19082K, committed 19456K, reserved 1114112K
  class space    used 2135K, committed 2304K, reserved 1048576K
}
Event: 23.014 GC heap before
{Heap before GC invocations=5 (full 0):
 garbage-first heap   total 55296K, used 28607K [0x0000000080000000, 0x0000000100000000)
  region size 1024K, 13 young (13312K), 4 survivors (4096K)
 Metaspace       used 21257K, committed 21504K, reserved 1114112K
  class space    used 2437K, committed 2560K, reserved 1048576K
}
Event: 23.031 GC heap after
{Heap after GC invocations=6 (full 0):
 garbage-first heap   total 55296K, used 21472K [0x0000000080000000, 0x0000000100000000)
  region size 1024K, 2 young (2048K), 2 survivors (2048K)
 Metaspace       used 21257K, committed 21504K, reserved 1114112K
  class space    used 2437K, committed 2560K, reserved 1048576K
}

