# JRE version: OpenJDK Runtime Environment (21.0.5) (build 21.0.5+-13047016-b750.29)
# Java VM: OpenJDK 64-Bit Server VM (21.0.5+-13047016-b750.29, mixed mode, tiered, compressed oops, compressed class ptrs, g1 gc, windows-amd64)
GC Precious Log:
 CardTable entry size: 512
 Card Set container configuration: InlinePtr #cards 5 size 8 Array Of Cards #cards 12 size 40 Howl #buckets 4 coarsen threshold 1843 Howl Bitmap #cards 512 size 80 coarsen threshold 460 Card regions per heap region 1 cards per card region 2048
 CPUs: 4 total, 4 available
 Memory: 3435M
 Large Page Support: Disabled
 NUMA Support: Disabled
 Compressed Oops: Enabled (32-bit)
 Heap Region Size: 1M
 Heap Min Capacity: 8M
 Heap Initial Capacity: 54M
 Heap Max Capacity: 2G
 Pre-touch: Disabled
 Parallel Workers: 4
 Concurrent Workers: 1
 Concurrent Refinement Workers: 4
 Periodic GC: Disabled
Heap:
 garbage-first heap   total 184320K, used 140933K [0x0000000080000000, 0x0000000100000000)
  region size 1024K, 8 young (8192K), 4 survivors (4096K)
 Metaspace       used 101952K, committed 104128K, reserved 1179648K
  class space    used 13934K, committed 15040K, reserved 1048576K
GC Heap History (20 events):
Event: 153.597 GC heap before
{Heap before GC invocations=36 (full 0):
 garbage-first heap   total 143360K, used 126976K [0x0000000080000000, 0x0000000100000000)
  region size 1024K, 41 young (41984K), 4 survivors (4096K)
 Metaspace       used 75393K, committed 77312K, reserved 1179648K
  class space    used 10181K, committed 11136K, reserved 1048576K
}
Event: 153.624 GC heap after
{Heap after GC invocations=37 (full 0):
 garbage-first heap   total 143360K, used 94760K [0x0000000080000000, 0x0000000100000000)
  region size 1024K, 6 young (6144K), 6 survivors (6144K)
 Metaspace       used 75393K, committed 77312K, reserved 1179648K
  class space    used 10181K, committed 11136K, reserved 1048576K
}
Event: 155.433 GC heap before
{Heap before GC invocations=37 (full 0):
 garbage-first heap   total 143360K, used 128552K [0x0000000080000000, 0x0000000100000000)
  region size 1024K, 40 young (40960K), 6 survivors (6144K)
 Metaspace       used 78972K, committed 80768K, reserved 1179648K
  class space    used 10568K, committed 11456K, reserved 1048576K
}
Event: 155.454 GC heap after
{Heap after GC invocations=38 (full 0):
 garbage-first heap   total 143360K, used 96184K [0x0000000080000000, 0x0000000100000000)
  region size 1024K, 2 young (2048K), 2 survivors (2048K)
 Metaspace       used 78972K, committed 80768K, reserved 1179648K
  class space    used 10568K, committed 11456K, reserved 1048576K
}
Event: 157.261 GC heap before
{Heap before GC invocations=38 (full 0):
 garbage-first heap   total 143360K, used 123832K [0x0000000080000000, 0x0000000100000000)
  region size 1024K, 30 young (30720K), 2 survivors (2048K)
 Metaspace       used 82512K, committed 84480K, reserved 1179648K
  class space    used 11079K, committed 12096K, reserved 1048576K
}
Event: 157.275 GC heap after
{Heap after GC invocations=39 (full 0):
 garbage-first heap   total 143360K, used 98265K [0x0000000080000000, 0x0000000100000000)
  region size 1024K, 4 young (4096K), 4 survivors (4096K)
 Metaspace       used 82512K, committed 84480K, reserved 1179648K
  class space    used 11079K, committed 12096K, reserved 1048576K
}
Event: 159.544 GC heap before
{Heap before GC invocations=40 (full 0):
 garbage-first heap   total 173056K, used 134105K [0x0000000080000000, 0x0000000100000000)
  region size 1024K, 34 young (34816K), 4 survivors (4096K)
 Metaspace       used 84014K, committed 86016K, reserved 1179648K
  class space    used 11285K, committed 12288K, reserved 1048576K
}
Event: 159.567 GC heap after
{Heap after GC invocations=41 (full 0):
 garbage-first heap   total 173056K, used 102248K [0x0000000080000000, 0x0000000100000000)
  region size 1024K, 5 young (5120K), 5 survivors (5120K)
 Metaspace       used 84014K, committed 86016K, reserved 1179648K
  class space    used 11285K, committed 12288K, reserved 1048576K
}
Event: 162.283 GC heap before
{Heap before GC invocations=41 (full 0):
 garbage-first heap   total 173056K, used 148328K [0x0000000080000000, 0x0000000100000000)
  region size 1024K, 50 young (51200K), 5 survivors (5120K)
 Metaspace       used 87548K, committed 89472K, reserved 1179648K
  class space    used 11739K, committed 12736K, reserved 1048576K
}
Event: 162.306 GC heap after
{Heap after GC invocations=42 (full 0):
 garbage-first heap   total 173056K, used 105092K [0x0000000080000000, 0x0000000100000000)
  region size 1024K, 7 young (7168K), 7 survivors (7168K)
 Metaspace       used 87548K, committed 89472K, reserved 1179648K
  class space    used 11739K, committed 12736K, reserved 1048576K
}
Event: 166.835 GC heap before
{Heap before GC invocations=42 (full 0):
 garbage-first heap   total 173056K, used 155268K [0x0000000080000000, 0x0000000100000000)
  region size 1024K, 55 young (56320K), 7 survivors (7168K)
 Metaspace       used 90686K, committed 92736K, reserved 1179648K
  class space    used 12147K, committed 13184K, reserved 1048576K
}
Event: 166.860 GC heap after
{Heap after GC invocations=43 (full 0):
 garbage-first heap   total 173056K, used 107961K [0x0000000080000000, 0x0000000100000000)
  region size 1024K, 6 young (6144K), 6 survivors (6144K)
 Metaspace       used 90686K, committed 92736K, reserved 1179648K
  class space    used 12147K, committed 13184K, reserved 1048576K
}
Event: 169.532 GC heap before
{Heap before GC invocations=43 (full 0):
 garbage-first heap   total 173056K, used 156089K [0x0000000080000000, 0x0000000100000000)
  region size 1024K, 53 young (54272K), 6 survivors (6144K)
 Metaspace       used 94582K, committed 96640K, reserved 1179648K
  class space    used 12847K, committed 13888K, reserved 1048576K
}
Event: 169.565 GC heap after
{Heap after GC invocations=44 (full 0):
 garbage-first heap   total 173056K, used 109325K [0x0000000080000000, 0x0000000100000000)
  region size 1024K, 4 young (4096K), 4 survivors (4096K)
 Metaspace       used 94582K, committed 96640K, reserved 1179648K
  class space    used 12847K, committed 13888K, reserved 1048576K
}
Event: 177.707 GC heap before
{Heap before GC invocations=45 (full 0):
 garbage-first heap   total 183296K, used 171789K [0x0000000080000000, 0x0000000100000000)
  region size 1024K, 52 young (53248K), 4 survivors (4096K)
 Metaspace       used 99256K, committed 101440K, reserved 1179648K
  class space    used 13557K, committed 14656K, reserved 1048576K
}
Event: 177.731 GC heap after
{Heap after GC invocations=46 (full 0):
 garbage-first heap   total 183296K, used 128688K [0x0000000080000000, 0x0000000100000000)
  region size 1024K, 7 young (7168K), 7 survivors (7168K)
 Metaspace       used 99256K, committed 101440K, reserved 1179648K
  class space    used 13557K, committed 14656K, reserved 1048576K
}
Event: 184.467 GC heap before
{Heap before GC invocations=46 (full 0):
 garbage-first heap   total 183296K, used 170672K [0x0000000080000000, 0x0000000100000000)
  region size 1024K, 43 young (44032K), 7 survivors (7168K)
 Metaspace       used 101941K, committed 104128K, reserved 1179648K
  class space    used 13934K, committed 15040K, reserved 1048576K
}
Event: 184.505 GC heap after
{Heap after GC invocations=47 (full 0):
 garbage-first heap   total 184320K, used 137367K [0x0000000080000000, 0x0000000100000000)
  region size 1024K, 3 young (3072K), 3 survivors (3072K)
 Metaspace       used 101941K, committed 104128K, reserved 1179648K
  class space    used 13934K, committed 15040K, reserved 1048576K
}
Event: 234.864 GC heap before
{Heap before GC invocations=47 (full 0):
 garbage-first heap   total 184320K, used 171159K [0x0000000080000000, 0x0000000100000000)
  region size 1024K, 36 young (36864K), 3 survivors (3072K)
 Metaspace       used 101952K, committed 104128K, reserved 1179648K
  class space    used 13934K, committed 15040K, reserved 1048576K
}
Event: 236.345 GC heap after
{Heap after GC invocations=48 (full 0):
 garbage-first heap   total 184320K, used 137861K [0x0000000080000000, 0x0000000100000000)
  region size 1024K, 4 young (4096K), 4 survivors (4096K)
 Metaspace       used 101952K, committed 104128K, reserved 1179648K
  class space    used 13934K, committed 15040K, reserved 1048576K
}

